# JRE version: OpenJDK Runtime Environment (8.0_45-b13) (build 1.8.0_45-b13)
# Java VM: OpenJDK 64-Bit Server VM (25.45-b02 mixed mode linux-amd64 compressed oops)
Heap:
 PSYoungGen      total 452096K, used 19958K [0x00000000d7780000, 0x00000000f4c80000, 0x0000000100000000)
  eden space 432128K, 0% used [0x00000000d7780000,0x00000000d7780000,0x00000000f1d80000)
  from space 19968K, 99% used [0x00000000f1d80000,0x00000000f30fda70,0x00000000f3100000)
  to   space 19968K, 0% used [0x00000000f3100000,0x00000000f3100000,0x00000000f4480000)
 ParOldGen       total 71168K, used 55904K [0x0000000086600000, 0x000000008ab80000, 0x00000000d7780000)
  object space 71168K, 78% used [0x0000000086600000,0x0000000089c98268,0x000000008ab80000)
 Metaspace       used 34674K, capacity 35167K, committed 35416K, reserved 1081344K
  class space    used 2993K, capacity 3140K, committed 3200K, reserved 1048576K
GC Heap History (10 events):
Event: 2,457 GC heap after
Heap after GC invocations=9 (full 1):
 PSYoungGen      total 263680K, used 0K [0x00000000d7780000, 0x00000000e8f80000, 0x0000000100000000)
  eden space 243712K, 0% used [0x00000000d7780000,0x00000000d7780000,0x00000000e6580000)
  from space 19968K, 0% used [0x00000000e7a00000,0x00000000e7a00000,0x00000000e8d80000)
  to   space 20992K, 0% used [0x00000000e6580000,0x00000000e6580000,0x00000000e7a00000)
 ParOldGen       total 71168K, used 20212K [0x0000000086600000, 0x000000008ab80000, 0x00000000d7780000)
  object space 71168K, 28% used [0x0000000086600000,0x00000000879bd0a8,0x000000008ab80000)
 Metaspace       used 20764K, capacity 21097K, committed 21248K, reserved 1069056K
  class space    used 1860K, capacity 1953K, committed 2048K, reserved 1048576K
}
Event: 3,271 GC heap before
{Heap before GC invocations=10 (full 1):
 PSYoungGen      total 263680K, used 243712K [0x00000000d7780000, 0x00000000e8f80000, 0x0000000100000000)
  eden space 243712K, 100% used [0x00000000d7780000,0x00000000e6580000,0x00000000e6580000)
  from space 19968K, 0% used [0x00000000e7a00000,0x00000000e7a00000,0x00000000e8d80000)
  to   space 20992K, 0% used [0x00000000e6580000,0x00000000e6580000,0x00000000e7a00000)
 ParOldGen       total 71168K, used 20212K [0x0000000086600000, 0x000000008ab80000, 0x00000000d7780000)
  object space 71168K, 28% used [0x0000000086600000,0x00000000879bd0a8,0x000000008ab80000)
 Metaspace       used 26733K, capacity 27073K, committed 27264K, reserved 1075200K
  class space    used 2257K, capacity 2341K, committed 2432K, reserved 1048576K
Event: 3,290 GC heap after
Heap after GC invocations=10 (full 1):
 PSYoungGen      total 264704K, used 5269K [0x00000000d7780000, 0x00000000ee000000, 0x0000000100000000)
  eden space 243712K, 0% used [0x00000000d7780000,0x00000000d7780000,0x00000000e6580000)
  from space 20992K, 25% used [0x00000000e6580000,0x00000000e6aa5720,0x00000000e7a00000)
  to   space 20992K, 0% used [0x00000000ecb80000,0x00000000ecb80000,0x00000000ee000000)
 ParOldGen       total 71168K, used 20212K [0x0000000086600000, 0x000000008ab80000, 0x00000000d7780000)
  object space 71168K, 28% used [0x0000000086600000,0x00000000879bd0a8,0x000000008ab80000)
 Metaspace       used 26733K, capacity 27073K, committed 27264K, reserved 1075200K
  class space    used 2257K, capacity 2341K, committed 2432K, reserved 1048576K
}
Event: 3,875 GC heap before
{Heap before GC invocations=11 (full 1):
 PSYoungGen      total 264704K, used 248981K [0x00000000d7780000, 0x00000000ee000000, 0x0000000100000000)
  eden space 243712K, 100% used [0x00000000d7780000,0x00000000e6580000,0x00000000e6580000)
  from space 20992K, 25% used [0x00000000e6580000,0x00000000e6aa5720,0x00000000e7a00000)
  to   space 20992K, 0% used [0x00000000ecb80000,0x00000000ecb80000,0x00000000ee000000)
 ParOldGen       total 71168K, used 20212K [0x0000000086600000, 0x000000008ab80000, 0x00000000d7780000)
  object space 71168K, 28% used [0x0000000086600000,0x00000000879bd0a8,0x000000008ab80000)
 Metaspace       used 26946K, capacity 27361K, committed 27520K, reserved 1075200K
  class space    used 2273K, capacity 2373K, committed 2432K, reserved 1048576K
Event: 3,888 GC heap after
Heap after GC invocations=11 (full 1):
 PSYoungGen      total 339968K, used 12307K [0x00000000d7780000, 0x00000000edc00000, 0x0000000100000000)
  eden space 323072K, 0% used [0x00000000d7780000,0x00000000d7780000,0x00000000eb300000)
  from space 16896K, 72% used [0x00000000ecb80000,0x00000000ed784fa8,0x00000000edc00000)
  to   space 20992K, 0% used [0x00000000eb300000,0x00000000eb300000,0x00000000ec780000)
 ParOldGen       total 71168K, used 20220K [0x0000000086600000, 0x000000008ab80000, 0x00000000d7780000)
  object space 71168K, 28% used [0x0000000086600000,0x00000000879bf0a8,0x000000008ab80000)
 Metaspace       used 26946K, capacity 27361K, committed 27520K, reserved 1075200K
  class space    used 2273K, capacity 2373K, committed 2432K, reserved 1048576K
}
Event: 4,297 GC heap before
{Heap before GC invocations=12 (full 1):
 PSYoungGen      total 339968K, used 335379K [0x00000000d7780000, 0x00000000edc00000, 0x0000000100000000)
  eden space 323072K, 100% used [0x00000000d7780000,0x00000000eb300000,0x00000000eb300000)
  from space 16896K, 72% used [0x00000000ecb80000,0x00000000ed784fa8,0x00000000edc00000)
  to   space 20992K, 0% used [0x00000000eb300000,0x00000000eb300000,0x00000000ec780000)
 ParOldGen       total 71168K, used 20220K [0x0000000086600000, 0x000000008ab80000, 0x00000000d7780000)
  object space 71168K, 28% used [0x0000000086600000,0x00000000879bf0a8,0x000000008ab80000)
 Metaspace       used 26954K, capacity 27361K, committed 27520K, reserved 1075200K
  class space    used 2273K, capacity 2373K, committed 2432K, reserved 1048576K
Event: 4,317 GC heap after
Heap after GC invocations=12 (full 1):
 PSYoungGen      total 344064K, used 10240K [0x00000000d7780000, 0x00000000f4480000, 0x0000000100000000)
  eden space 323072K, 0% used [0x00000000d7780000,0x00000000d7780000,0x00000000eb300000)
  from space 20992K, 48% used [0x00000000eb300000,0x00000000ebd00000,0x00000000ec780000)
  to   space 19968K, 0% used [0x00000000f3100000,0x00000000f3100000,0x00000000f4480000)
 ParOldGen       total 71168K, used 31289K [0x0000000086600000, 0x000000008ab80000, 0x00000000d7780000)
  object space 71168K, 43% used [0x0000000086600000,0x000000008848e518,0x000000008ab80000)
 Metaspace       used 26954K, capacity 27361K, committed 27520K, reserved 1075200K
  class space    used 2273K, capacity 2373K, committed 2432K, reserved 1048576K
}
Event: 4,855 GC heap before
{Heap before GC invocations=13 (full 1):
 PSYoungGen      total 344064K, used 333312K [0x00000000d7780000, 0x00000000f4480000, 0x0000000100000000)
  eden space 323072K, 100% used [0x00000000d7780000,0x00000000eb300000,0x00000000eb300000)
  from space 20992K, 48% used [0x00000000eb300000,0x00000000ebd00000,0x00000000ec780000)
  to   space 19968K, 0% used [0x00000000f3100000,0x00000000f3100000,0x00000000f4480000)
 ParOldGen       total 71168K, used 31289K [0x0000000086600000, 0x000000008ab80000, 0x00000000d7780000)
  object space 71168K, 43% used [0x0000000086600000,0x000000008848e518,0x000000008ab80000)
 Metaspace       used 26984K, capacity 27361K, committed 27520K, reserved 1075200K
  class space    used 2273K, capacity 2373K, committed 2432K, reserved 1048576K
Event: 4,894 GC heap after
Heap after GC invocations=13 (full 1):
 PSYoungGen      total 452096K, used 13429K [0x00000000d7780000, 0x00000000f4c80000, 0x0000000100000000)
  eden space 432128K, 0% used [0x00000000d7780000,0x00000000d7780000,0x00000000f1d80000)
  from space 19968K, 67% used [0x00000000f3100000,0x00000000f3e1d768,0x00000000f4480000)
  to   space 19968K, 0% used [0x00000000f1d80000,0x00000000f1d80000,0x00000000f3100000)
 ParOldGen       total 71168K, used 40641K [0x0000000086600000, 0x000000008ab80000, 0x00000000d7780000)
  object space 71168K, 57% used [0x0000000086600000,0x0000000088db0518,0x000000008ab80000)
 Metaspace       used 26984K, capacity 27361K, committed 27520K, reserved 1075200K
  class space    used 2273K, capacity 2373K, committed 2432K, reserved 1048576K
}
Event: 7,515 GC heap before
{Heap before GC invocations=14 (full 1):
 PSYoungGen      total 452096K, used 287519K [0x00000000d7780000, 0x00000000f4c80000, 0x0000000100000000)
  eden space 432128K, 63% used [0x00000000d7780000,0x00000000e832a770,0x00000000f1d80000)
  from space 19968K, 67% used [0x00000000f3100000,0x00000000f3e1d768,0x00000000f4480000)
  to   space 19968K, 0% used [0x00000000f1d80000,0x00000000f1d80000,0x00000000f3100000)
 ParOldGen       total 71168K, used 40641K [0x0000000086600000, 0x000000008ab80000, 0x00000000d7780000)
  object space 71168K, 57% used [0x0000000086600000,0x0000000088db0518,0x000000008ab80000)
 Metaspace       used 34674K, capacity 35167K, committed 35416K, reserved 1081344K
  class space    used 2993K, capacity 3140K, committed 3200K, reserved 1048576K

