# JRE version: OpenJDK Runtime Environment (8.0_45-b13) (build 1.8.0_45-b13)
# Java VM: OpenJDK 64-Bit Server VM (25.45-b02 mixed mode linux-amd64 compressed oops)
Heap:
 PSYoungGen      total 477696K, used 18645K [0x00000000d7780000, 0x00000000f5f80000, 0x0000000100000000)
  eden space 455680K, 0% used [0x00000000d7780000,0x00000000d7780000,0x00000000f3480000)
  from space 22016K, 84% used [0x00000000f3480000,0x00000000f46b5660,0x00000000f4a00000)
  to   space 19968K, 0% used [0x00000000f4a00000,0x00000000f4a00000,0x00000000f5d80000)
 ParOldGen       total 68608K, used 55485K [0x0000000086600000, 0x000000008a900000, 0x00000000d7780000)
  object space 68608K, 80% used [0x0000000086600000,0x0000000089c2f600,0x000000008a900000)
 Metaspace       used 34651K, capacity 35135K, committed 35416K, reserved 1081344K
  class space    used 2965K, capacity 3108K, committed 3200K, reserved 1048576K
GC Heap History (10 events):
Event: 2,357 GC heap after
Heap after GC invocations=9 (full 1):
 PSYoungGen      total 263680K, used 0K [0x00000000d7780000, 0x00000000e8f80000, 0x0000000100000000)
  eden space 243712K, 0% used [0x00000000d7780000,0x00000000d7780000,0x00000000e6580000)
  from space 19968K, 0% used [0x00000000e7a00000,0x00000000e7a00000,0x00000000e8d80000)
  to   space 20992K, 0% used [0x00000000e6580000,0x00000000e6580000,0x00000000e7a00000)
 ParOldGen       total 68608K, used 19856K [0x0000000086600000, 0x000000008a900000, 0x00000000d7780000)
  object space 68608K, 28% used [0x0000000086600000,0x00000000879641b0,0x000000008a900000)
 Metaspace       used 20771K, capacity 21097K, committed 21248K, reserved 1069056K
  class space    used 1857K, capacity 1953K, committed 2048K, reserved 1048576K
}
Event: 2,954 GC heap before
{Heap before GC invocations=10 (full 1):
 PSYoungGen      total 263680K, used 243712K [0x00000000d7780000, 0x00000000e8f80000, 0x0000000100000000)
  eden space 243712K, 100% used [0x00000000d7780000,0x00000000e6580000,0x00000000e6580000)
  from space 19968K, 0% used [0x00000000e7a00000,0x00000000e7a00000,0x00000000e8d80000)
  to   space 20992K, 0% used [0x00000000e6580000,0x00000000e6580000,0x00000000e7a00000)
 ParOldGen       total 68608K, used 19856K [0x0000000086600000, 0x000000008a900000, 0x00000000d7780000)
  object space 68608K, 28% used [0x0000000086600000,0x00000000879641b0,0x000000008a900000)
 Metaspace       used 26699K, capacity 27073K, committed 27264K, reserved 1075200K
  class space    used 2236K, capacity 2341K, committed 2432K, reserved 1048576K
Event: 2,958 GC heap after
Heap after GC invocations=10 (full 1):
 PSYoungGen      total 264704K, used 4577K [0x00000000d7780000, 0x00000000ee800000, 0x0000000100000000)
  eden space 243712K, 0% used [0x00000000d7780000,0x00000000d7780000,0x00000000e6580000)
  from space 20992K, 21% used [0x00000000e6580000,0x00000000e69f8410,0x00000000e7a00000)
  to   space 20992K, 0% used [0x00000000ed380000,0x00000000ed380000,0x00000000ee800000)
 ParOldGen       total 68608K, used 19864K [0x0000000086600000, 0x000000008a900000, 0x00000000d7780000)
  object space 68608K, 28% used [0x0000000086600000,0x00000000879661b0,0x000000008a900000)
 Metaspace       used 26699K, capacity 27073K, committed 27264K, reserved 1075200K
  class space    used 2236K, capacity 2341K, committed 2432K, reserved 1048576K
}
Event: 3,560 GC heap before
{Heap before GC invocations=11 (full 1):
 PSYoungGen      total 264704K, used 248289K [0x00000000d7780000, 0x00000000ee800000, 0x0000000100000000)
  eden space 243712K, 100% used [0x00000000d7780000,0x00000000e6580000,0x00000000e6580000)
  from space 20992K, 21% used [0x00000000e6580000,0x00000000e69f8410,0x00000000e7a00000)
  to   space 20992K, 0% used [0x00000000ed380000,0x00000000ed380000,0x00000000ee800000)
 ParOldGen       total 68608K, used 19864K [0x0000000086600000, 0x000000008a900000, 0x00000000d7780000)
  object space 68608K, 28% used [0x0000000086600000,0x00000000879661b0,0x000000008a900000)
 Metaspace       used 26992K, capacity 27361K, committed 27520K, reserved 1075200K
  class space    used 2273K, capacity 2373K, committed 2432K, reserved 1048576K
Event: 3,586 GC heap after
Heap after GC invocations=11 (full 1):
 PSYoungGen      total 352256K, used 11619K [0x00000000d7780000, 0x00000000ee580000, 0x0000000100000000)
  eden space 333824K, 0% used [0x00000000d7780000,0x00000000d7780000,0x00000000ebd80000)
  from space 18432K, 63% used [0x00000000ed380000,0x00000000eded8f98,0x00000000ee580000)
  to   space 20480K, 0% used [0x00000000ebd80000,0x00000000ebd80000,0x00000000ed180000)
 ParOldGen       total 68608K, used 19872K [0x0000000086600000, 0x000000008a900000, 0x00000000d7780000)
  object space 68608K, 28% used [0x0000000086600000,0x00000000879681b0,0x000000008a900000)
 Metaspace       used 26992K, capacity 27361K, committed 27520K, reserved 1075200K
  class space    used 2273K, capacity 2373K, committed 2432K, reserved 1048576K
}
Event: 4,060 GC heap before
{Heap before GC invocations=12 (full 1):
 PSYoungGen      total 352256K, used 345443K [0x00000000d7780000, 0x00000000ee580000, 0x0000000100000000)
  eden space 333824K, 100% used [0x00000000d7780000,0x00000000ebd80000,0x00000000ebd80000)
  from space 18432K, 63% used [0x00000000ed380000,0x00000000eded8f98,0x00000000ee580000)
  to   space 20480K, 0% used [0x00000000ebd80000,0x00000000ebd80000,0x00000000ed180000)
 ParOldGen       total 68608K, used 19872K [0x0000000086600000, 0x000000008a900000, 0x00000000d7780000)
  object space 68608K, 28% used [0x0000000086600000,0x00000000879681b0,0x000000008a900000)
 Metaspace       used 27000K, capacity 27361K, committed 27520K, reserved 1075200K
  class space    used 2273K, capacity 2373K, committed 2432K, reserved 1048576K
Event: 4,086 GC heap after
Heap after GC invocations=12 (full 1):
 PSYoungGen      total 354304K, used 11036K [0x00000000d7780000, 0x00000000f5d80000, 0x0000000100000000)
  eden space 333824K, 0% used [0x00000000d7780000,0x00000000d7780000,0x00000000ebd80000)
  from space 20480K, 53% used [0x00000000ebd80000,0x00000000ec8472e0,0x00000000ed180000)
  to   space 19968K, 0% used [0x00000000f4a00000,0x00000000f4a00000,0x00000000f5d80000)
 ParOldGen       total 68608K, used 30381K [0x0000000086600000, 0x000000008a900000, 0x00000000d7780000)
  object space 68608K, 44% used [0x0000000086600000,0x00000000883ab5e0,0x000000008a900000)
 Metaspace       used 27000K, capacity 27361K, committed 27520K, reserved 1075200K
  class space    used 2273K, capacity 2373K, committed 2432K, reserved 1048576K
}
Event: 4,692 GC heap before
{Heap before GC invocations=13 (full 1):
 PSYoungGen      total 354304K, used 344860K [0x00000000d7780000, 0x00000000f5d80000, 0x0000000100000000)
  eden space 333824K, 100% used [0x00000000d7780000,0x00000000ebd80000,0x00000000ebd80000)
  from space 20480K, 53% used [0x00000000ebd80000,0x00000000ec8472e0,0x00000000ed180000)
  to   space 19968K, 0% used [0x00000000f4a00000,0x00000000f4a00000,0x00000000f5d80000)
 ParOldGen       total 68608K, used 30381K [0x0000000086600000, 0x000000008a900000, 0x00000000d7780000)
  object space 68608K, 44% used [0x0000000086600000,0x00000000883ab5e0,0x000000008a900000)
 Metaspace       used 27110K, capacity 27489K, committed 27776K, reserved 1075200K
  class space    used 2273K, capacity 2373K, committed 2432K, reserved 1048576K
Event: 4,719 GC heap after
Heap after GC invocations=13 (full 1):
 PSYoungGen      total 475648K, used 17372K [0x00000000d7780000, 0x00000000f5f80000, 0x0000000100000000)
  eden space 455680K, 0% used [0x00000000d7780000,0x00000000d7780000,0x00000000f3480000)
  from space 19968K, 86% used [0x00000000f4a00000,0x00000000f5af7080,0x00000000f5d80000)
  to   space 22016K, 0% used [0x00000000f3480000,0x00000000f3480000,0x00000000f4a00000)
 ParOldGen       total 68608K, used 40133K [0x0000000086600000, 0x000000008a900000, 0x00000000d7780000)
  object space 68608K, 58% used [0x0000000086600000,0x0000000088d315e0,0x000000008a900000)
 Metaspace       used 27110K, capacity 27489K, committed 27776K, reserved 1075200K
  class space    used 2273K, capacity 2373K, committed 2432K, reserved 1048576K
}
Event: 6,720 GC heap before
{Heap before GC invocations=14 (full 1):
 PSYoungGen      total 475648K, used 279988K [0x00000000d7780000, 0x00000000f5f80000, 0x0000000100000000)
  eden space 455680K, 57% used [0x00000000d7780000,0x00000000e77f6110,0x00000000f3480000)
  from space 19968K, 86% used [0x00000000f4a00000,0x00000000f5af7080,0x00000000f5d80000)
  to   space 22016K, 0% used [0x00000000f3480000,0x00000000f3480000,0x00000000f4a00000)
 ParOldGen       total 68608K, used 40133K [0x0000000086600000, 0x000000008a900000, 0x00000000d7780000)
  object space 68608K, 58% used [0x0000000086600000,0x0000000088d315e0,0x000000008a900000)
 Metaspace       used 34651K, capacity 35135K, committed 35416K, reserved 1081344K
  class space    used 2965K, capacity 3108K, committed 3200K, reserved 1048576K

