# JRE version: Java(TM) SE Runtime Environment (8.0_45-b14) (build 1.8.0_45-b14)
# Java VM: Java HotSpot(TM) 64-Bit Server VM (25.45-b02 mixed mode linux-amd64 compressed oops)
Heap:
 PSYoungGen      total 327168K, used 10176K [0x00000000d7780000, 0x00000000ec900000, 0x0000000100000000)
  eden space 308736K, 0% used [0x00000000d7780000,0x00000000d7780000,0x00000000ea500000)
  from space 18432K, 55% used [0x00000000ea500000,0x00000000eaef0000,0x00000000eb700000)
  to   space 16384K, 0% used [0x00000000eb900000,0x00000000eb900000,0x00000000ec900000)
 ParOldGen       total 62976K, used 29036K [0x0000000086600000, 0x000000008a380000, 0x00000000d7780000)
  object space 62976K, 46% used [0x0000000086600000,0x000000008825b240,0x000000008a380000)
 Metaspace       used 26549K, capacity 26883K, committed 27008K, reserved 1073152K
  class space    used 2333K, capacity 2407K, committed 2432K, reserved 1048576K
GC Heap History (10 events):
Event: 11,974 GC heap after
Heap after GC invocations=9 (full 0):
 PSYoungGen      total 137728K, used 15857K [0x00000000d7780000, 0x00000000e5c00000, 0x0000000100000000)
  eden space 121856K, 0% used [0x00000000d7780000,0x00000000d7780000,0x00000000dee80000)
  from space 15872K, 99% used [0x00000000dee80000,0x00000000dfdfc730,0x00000000dfe00000)
  to   space 19456K, 0% used [0x00000000e4900000,0x00000000e4900000,0x00000000e5c00000)
 ParOldGen       total 83456K, used 18520K [0x0000000086600000, 0x000000008b780000, 0x00000000d7780000)
  object space 83456K, 22% used [0x0000000086600000,0x0000000087816230,0x000000008b780000)
 Metaspace       used 20686K, capacity 21003K, committed 21296K, reserved 1069056K
  class space    used 1944K, capacity 2051K, committed 2176K, reserved 1048576K
}
Event: 11,976 GC heap before
{Heap before GC invocations=10 (full 0):
 PSYoungGen      total 137728K, used 18252K [0x00000000d7780000, 0x00000000e5c00000, 0x0000000100000000)
  eden space 121856K, 1% used [0x00000000d7780000,0x00000000d79d6b60,0x00000000dee80000)
  from space 15872K, 99% used [0x00000000dee80000,0x00000000dfdfc730,0x00000000dfe00000)
  to   space 19456K, 0% used [0x00000000e4900000,0x00000000e4900000,0x00000000e5c00000)
 ParOldGen       total 83456K, used 18520K [0x0000000086600000, 0x000000008b780000, 0x00000000d7780000)
  object space 83456K, 22% used [0x0000000086600000,0x0000000087816230,0x000000008b780000)
 Metaspace       used 20761K, capacity 21067K, committed 21296K, reserved 1069056K
  class space    used 1944K, capacity 2051K, committed 2176K, reserved 1048576K
Event: 11,990 GC heap after
Heap after GC invocations=10 (full 0):
 PSYoungGen      total 214528K, used 3520K [0x00000000d7780000, 0x00000000e5c00000, 0x0000000100000000)
  eden space 195072K, 0% used [0x00000000d7780000,0x00000000d7780000,0x00000000e3600000)
  from space 19456K, 18% used [0x00000000e4900000,0x00000000e4c700f8,0x00000000e5c00000)
  to   space 19456K, 0% used [0x00000000e3600000,0x00000000e3600000,0x00000000e4900000)
 ParOldGen       total 83456K, used 29494K [0x0000000086600000, 0x000000008b780000, 0x00000000d7780000)
  object space 83456K, 35% used [0x0000000086600000,0x00000000882cd978,0x000000008b780000)
 Metaspace       used 20761K, capacity 21067K, committed 21296K, reserved 1069056K
  class space    used 1944K, capacity 2051K, committed 2176K, reserved 1048576K
}
Event: 11,990 GC heap before
{Heap before GC invocations=11 (full 1):
 PSYoungGen      total 214528K, used 3520K [0x00000000d7780000, 0x00000000e5c00000, 0x0000000100000000)
  eden space 195072K, 0% used [0x00000000d7780000,0x00000000d7780000,0x00000000e3600000)
  from space 19456K, 18% used [0x00000000e4900000,0x00000000e4c700f8,0x00000000e5c00000)
  to   space 19456K, 0% used [0x00000000e3600000,0x00000000e3600000,0x00000000e4900000)
 ParOldGen       total 83456K, used 29494K [0x0000000086600000, 0x000000008b780000, 0x00000000d7780000)
  object space 83456K, 35% used [0x0000000086600000,0x00000000882cd978,0x000000008b780000)
 Metaspace       used 20761K, capacity 21067K, committed 21296K, reserved 1069056K
  class space    used 1944K, capacity 2051K, committed 2176K, reserved 1048576K
Event: 12,044 GC heap after
Heap after GC invocations=11 (full 1):
 PSYoungGen      total 214528K, used 0K [0x00000000d7780000, 0x00000000e5c00000, 0x0000000100000000)
  eden space 195072K, 0% used [0x00000000d7780000,0x00000000d7780000,0x00000000e3600000)
  from space 19456K, 0% used [0x00000000e4900000,0x00000000e4900000,0x00000000e5c00000)
  to   space 19456K, 0% used [0x00000000e3600000,0x00000000e3600000,0x00000000e4900000)
 ParOldGen       total 62976K, used 21431K [0x0000000086600000, 0x000000008a380000, 0x00000000d7780000)
  object space 62976K, 34% used [0x0000000086600000,0x0000000087aede10,0x000000008a380000)
 Metaspace       used 20761K, capacity 21067K, committed 21296K, reserved 1069056K
  class space    used 1944K, capacity 2051K, committed 2176K, reserved 1048576K
}
Event: 13,233 GC heap before
{Heap before GC invocations=12 (full 1):
 PSYoungGen      total 214528K, used 195072K [0x00000000d7780000, 0x00000000e5c00000, 0x0000000100000000)
  eden space 195072K, 100% used [0x00000000d7780000,0x00000000e3600000,0x00000000e3600000)
  from space 19456K, 0% used [0x00000000e4900000,0x00000000e4900000,0x00000000e5c00000)
  to   space 19456K, 0% used [0x00000000e3600000,0x00000000e3600000,0x00000000e4900000)
 ParOldGen       total 62976K, used 21431K [0x0000000086600000, 0x000000008a380000, 0x00000000d7780000)
  object space 62976K, 34% used [0x0000000086600000,0x0000000087aede10,0x000000008a380000)
 Metaspace       used 25549K, capacity 25917K, committed 26240K, reserved 1073152K
  class space    used 2237K, capacity 2342K, committed 2432K, reserved 1048576K
Event: 13,237 GC heap after
Heap after GC invocations=12 (full 1):
 PSYoungGen      total 214528K, used 4028K [0x00000000d7780000, 0x00000000ecc00000, 0x0000000100000000)
  eden space 195072K, 0% used [0x00000000d7780000,0x00000000d7780000,0x00000000e3600000)
  from space 19456K, 20% used [0x00000000e3600000,0x00000000e39ef080,0x00000000e4900000)
  to   space 19456K, 0% used [0x00000000eb900000,0x00000000eb900000,0x00000000ecc00000)
 ParOldGen       total 62976K, used 21439K [0x0000000086600000, 0x000000008a380000, 0x00000000d7780000)
  object space 62976K, 34% used [0x0000000086600000,0x0000000087aefe10,0x000000008a380000)
 Metaspace       used 25549K, capacity 25917K, committed 26240K, reserved 1073152K
  class space    used 2237K, capacity 2342K, committed 2432K, reserved 1048576K
}
Event: 16,666 GC heap before
{Heap before GC invocations=13 (full 1):
 PSYoungGen      total 214528K, used 199100K [0x00000000d7780000, 0x00000000ecc00000, 0x0000000100000000)
  eden space 195072K, 100% used [0x00000000d7780000,0x00000000e3600000,0x00000000e3600000)
  from space 19456K, 20% used [0x00000000e3600000,0x00000000e39ef080,0x00000000e4900000)
  to   space 19456K, 0% used [0x00000000eb900000,0x00000000eb900000,0x00000000ecc00000)
 ParOldGen       total 62976K, used 21439K [0x0000000086600000, 0x000000008a380000, 0x00000000d7780000)
  object space 62976K, 34% used [0x0000000086600000,0x0000000087aefe10,0x000000008a380000)
 Metaspace       used 26524K, capacity 26819K, committed 27008K, reserved 1073152K
  class space    used 2333K, capacity 2407K, committed 2432K, reserved 1048576K
Event: 16,673 GC heap after
Heap after GC invocations=13 (full 1):
 PSYoungGen      total 325120K, used 7976K [0x00000000d7780000, 0x00000000ec900000, 0x0000000100000000)
  eden space 308736K, 0% used [0x00000000d7780000,0x00000000d7780000,0x00000000ea500000)
  from space 16384K, 48% used [0x00000000eb900000,0x00000000ec0ca390,0x00000000ec900000)
  to   space 18432K, 0% used [0x00000000ea500000,0x00000000ea500000,0x00000000eb700000)
 ParOldGen       total 62976K, used 22351K [0x0000000086600000, 0x000000008a380000, 0x00000000d7780000)
  object space 62976K, 35% used [0x0000000086600000,0x0000000087bd3e20,0x000000008a380000)
 Metaspace       used 26524K, capacity 26819K, committed 27008K, reserved 1073152K
  class space    used 2333K, capacity 2407K, committed 2432K, reserved 1048576K
}
Event: 20,327 GC heap before
{Heap before GC invocations=14 (full 1):
 PSYoungGen      total 325120K, used 316712K [0x00000000d7780000, 0x00000000ec900000, 0x0000000100000000)
  eden space 308736K, 100% used [0x00000000d7780000,0x00000000ea500000,0x00000000ea500000)
  from space 16384K, 48% used [0x00000000eb900000,0x00000000ec0ca390,0x00000000ec900000)
  to   space 18432K, 0% used [0x00000000ea500000,0x00000000ea500000,0x00000000eb700000)
 ParOldGen       total 62976K, used 22351K [0x0000000086600000, 0x000000008a380000, 0x00000000d7780000)
  object space 62976K, 35% used [0x0000000086600000,0x0000000087bd3e20,0x000000008a380000)
 Metaspace       used 26549K, capacity 26883K, committed 27008K, reserved 1073152K
  class space    used 2333K, capacity 2407K, committed 2432K, reserved 1048576K

