# JRE version: OpenJDK Runtime Environment (8.0_45-b13) (build 1.8.0_45-b13)
# Java VM: OpenJDK 64-Bit Server VM (25.45-b02 mixed mode linux-amd64 compressed oops)
Heap:
 PSYoungGen      total 373248K, used 11424K [0x00000000d7780000, 0x00000000ef880000, 0x0000000100000000)
  eden space 352256K, 0% used [0x00000000d7780000,0x00000000d7780000,0x00000000ecf80000)
  from space 20992K, 54% used [0x00000000ecf80000,0x00000000edaa8010,0x00000000ee400000)
  to   space 20992K, 0% used [0x00000000ee400000,0x00000000ee400000,0x00000000ef880000)
 ParOldGen       total 65024K, used 30337K [0x0000000086600000, 0x000000008a580000, 0x00000000d7780000)
  object space 65024K, 46% used [0x0000000086600000,0x00000000883a0530,0x000000008a580000)
 Metaspace       used 27034K, capacity 27425K, committed 27776K, reserved 1075200K
  class space    used 2273K, capacity 2373K, committed 2432K, reserved 1048576K
GC Heap History (10 events):
Event: 9,436 GC heap after
Heap after GC invocations=7 (full 0):
 PSYoungGen      total 137216K, used 14844K [0x00000000d7780000, 0x00000000e8d80000, 0x0000000100000000)
  eden space 122368K, 0% used [0x00000000d7780000,0x00000000d7780000,0x00000000def00000)
  from space 14848K, 99% used [0x00000000def00000,0x00000000dfd7f3f0,0x00000000dfd80000)
  to   space 19968K, 0% used [0x00000000e7a00000,0x00000000e7a00000,0x00000000e8d80000)
 ParOldGen       total 83456K, used 13834K [0x0000000086600000, 0x000000008b780000, 0x00000000d7780000)
  object space 83456K, 16% used [0x0000000086600000,0x0000000087382af8,0x000000008b780000)
 Metaspace       used 19770K, capacity 20155K, committed 20352K, reserved 1067008K
  class space    used 1767K, capacity 1853K, committed 1920K, reserved 1048576K
}
Event: 9,746 GC heap before
{Heap before GC invocations=8 (full 0):
 PSYoungGen      total 137216K, used 57365K [0x00000000d7780000, 0x00000000e8d80000, 0x0000000100000000)
  eden space 122368K, 34% used [0x00000000d7780000,0x00000000da1061a8,0x00000000def00000)
  from space 14848K, 99% used [0x00000000def00000,0x00000000dfd7f3f0,0x00000000dfd80000)
  to   space 19968K, 0% used [0x00000000e7a00000,0x00000000e7a00000,0x00000000e8d80000)
 ParOldGen       total 83456K, used 13834K [0x0000000086600000, 0x000000008b780000, 0x00000000d7780000)
  object space 83456K, 16% used [0x0000000086600000,0x0000000087382af8,0x000000008b780000)
 Metaspace       used 20749K, capacity 21097K, committed 21248K, reserved 1069056K
  class space    used 1849K, capacity 1953K, committed 2048K, reserved 1048576K
Event: 9,762 GC heap after
Heap after GC invocations=8 (full 0):
 PSYoungGen      total 263168K, used 15512K [0x00000000d7780000, 0x00000000e9080000, 0x0000000100000000)
  eden space 243200K, 0% used [0x00000000d7780000,0x00000000d7780000,0x00000000e6500000)
  from space 19968K, 77% used [0x00000000e7a00000,0x00000000e8926148,0x00000000e8d80000)
  to   space 21504K, 0% used [0x00000000e6500000,0x00000000e6500000,0x00000000e7a00000)
 ParOldGen       total 83456K, used 15293K [0x0000000086600000, 0x000000008b780000, 0x00000000d7780000)
  object space 83456K, 18% used [0x0000000086600000,0x00000000874ef7f8,0x000000008b780000)
 Metaspace       used 20749K, capacity 21097K, committed 21248K, reserved 1069056K
  class space    used 1849K, capacity 1953K, committed 2048K, reserved 1048576K
}
Event: 9,762 GC heap before
{Heap before GC invocations=9 (full 1):
 PSYoungGen      total 263168K, used 15512K [0x00000000d7780000, 0x00000000e9080000, 0x0000000100000000)
  eden space 243200K, 0% used [0x00000000d7780000,0x00000000d7780000,0x00000000e6500000)
  from space 19968K, 77% used [0x00000000e7a00000,0x00000000e8926148,0x00000000e8d80000)
  to   space 21504K, 0% used [0x00000000e6500000,0x00000000e6500000,0x00000000e7a00000)
 ParOldGen       total 83456K, used 15293K [0x0000000086600000, 0x000000008b780000, 0x00000000d7780000)
  object space 83456K, 18% used [0x0000000086600000,0x00000000874ef7f8,0x000000008b780000)
 Metaspace       used 20749K, capacity 21097K, committed 21248K, reserved 1069056K
  class space    used 1849K, capacity 1953K, committed 2048K, reserved 1048576K
Event: 9,854 GC heap after
Heap after GC invocations=9 (full 1):
 PSYoungGen      total 263168K, used 0K [0x00000000d7780000, 0x00000000e9080000, 0x0000000100000000)
  eden space 243200K, 0% used [0x00000000d7780000,0x00000000d7780000,0x00000000e6500000)
  from space 19968K, 0% used [0x00000000e7a00000,0x00000000e7a00000,0x00000000e8d80000)
  to   space 21504K, 0% used [0x00000000e6500000,0x00000000e6500000,0x00000000e7a00000)
 ParOldGen       total 65024K, used 19860K [0x0000000086600000, 0x000000008a580000, 0x00000000d7780000)
  object space 65024K, 30% used [0x0000000086600000,0x0000000087965100,0x000000008a580000)
 Metaspace       used 20749K, capacity 21097K, committed 21248K, reserved 1069056K
  class space    used 1849K, capacity 1953K, committed 2048K, reserved 1048576K
}
Event: 10,621 GC heap before
{Heap before GC invocations=10 (full 1):
 PSYoungGen      total 263168K, used 243200K [0x00000000d7780000, 0x00000000e9080000, 0x0000000100000000)
  eden space 243200K, 100% used [0x00000000d7780000,0x00000000e6500000,0x00000000e6500000)
  from space 19968K, 0% used [0x00000000e7a00000,0x00000000e7a00000,0x00000000e8d80000)
  to   space 21504K, 0% used [0x00000000e6500000,0x00000000e6500000,0x00000000e7a00000)
 ParOldGen       total 65024K, used 19860K [0x0000000086600000, 0x000000008a580000, 0x00000000d7780000)
  object space 65024K, 30% used [0x0000000086600000,0x0000000087965100,0x000000008a580000)
 Metaspace       used 26692K, capacity 27003K, committed 27264K, reserved 1075200K
  class space    used 2231K, capacity 2340K, committed 2432K, reserved 1048576K
Event: 10,625 GC heap after
Heap after GC invocations=10 (full 1):
 PSYoungGen      total 264704K, used 4564K [0x00000000d7780000, 0x00000000ef880000, 0x0000000100000000)
  eden space 243200K, 0% used [0x00000000d7780000,0x00000000d7780000,0x00000000e6500000)
  from space 21504K, 21% used [0x00000000e6500000,0x00000000e6975038,0x00000000e7a00000)
  to   space 20992K, 0% used [0x00000000ee400000,0x00000000ee400000,0x00000000ef880000)
 ParOldGen       total 65024K, used 19868K [0x0000000086600000, 0x000000008a580000, 0x00000000d7780000)
  object space 65024K, 30% used [0x0000000086600000,0x0000000087967100,0x000000008a580000)
 Metaspace       used 26692K, capacity 27003K, committed 27264K, reserved 1075200K
  class space    used 2231K, capacity 2340K, committed 2432K, reserved 1048576K
}
Event: 11,126 GC heap before
{Heap before GC invocations=11 (full 1):
 PSYoungGen      total 264704K, used 247764K [0x00000000d7780000, 0x00000000ef880000, 0x0000000100000000)
  eden space 243200K, 100% used [0x00000000d7780000,0x00000000e6500000,0x00000000e6500000)
  from space 21504K, 21% used [0x00000000e6500000,0x00000000e6975038,0x00000000e7a00000)
  to   space 20992K, 0% used [0x00000000ee400000,0x00000000ee400000,0x00000000ef880000)
 ParOldGen       total 65024K, used 19868K [0x0000000086600000, 0x000000008a580000, 0x00000000d7780000)
  object space 65024K, 30% used [0x0000000086600000,0x0000000087967100,0x000000008a580000)
 Metaspace       used 27015K, capacity 27425K, committed 27776K, reserved 1075200K
  class space    used 2273K, capacity 2373K, committed 2432K, reserved 1048576K
Event: 11,141 GC heap after
Heap after GC invocations=11 (full 1):
 PSYoungGen      total 373248K, used 11975K [0x00000000d7780000, 0x00000000ef880000, 0x0000000100000000)
  eden space 352256K, 0% used [0x00000000d7780000,0x00000000d7780000,0x00000000ecf80000)
  from space 20992K, 57% used [0x00000000ee400000,0x00000000eefb1fb0,0x00000000ef880000)
  to   space 20992K, 0% used [0x00000000ecf80000,0x00000000ecf80000,0x00000000ee400000)
 ParOldGen       total 65024K, used 19868K [0x0000000086600000, 0x000000008a580000, 0x00000000d7780000)
  object space 65024K, 30% used [0x0000000086600000,0x0000000087967100,0x000000008a580000)
 Metaspace       used 27015K, capacity 27425K, committed 27776K, reserved 1075200K
  class space    used 2273K, capacity 2373K, committed 2432K, reserved 1048576K
}
Event: 11,621 GC heap before
{Heap before GC invocations=12 (full 1):
 PSYoungGen      total 373248K, used 364231K [0x00000000d7780000, 0x00000000ef880000, 0x0000000100000000)
  eden space 352256K, 100% used [0x00000000d7780000,0x00000000ecf80000,0x00000000ecf80000)
  from space 20992K, 57% used [0x00000000ee400000,0x00000000eefb1fb0,0x00000000ef880000)
  to   space 20992K, 0% used [0x00000000ecf80000,0x00000000ecf80000,0x00000000ee400000)
 ParOldGen       total 65024K, used 19868K [0x0000000086600000, 0x000000008a580000, 0x00000000d7780000)
  object space 65024K, 30% used [0x0000000086600000,0x0000000087967100,0x000000008a580000)
 Metaspace       used 27034K, capacity 27425K, committed 27776K, reserved 1075200K
  class space    used 2273K, capacity 2373K, committed 2432K, reserved 1048576K

